find: ‘/boot/efi/EFI/redhat’: Permission denied
find: ‘/boot/grub2’: Permission denied
find: ‘/boot/loader/entries’: Permission denied
find: ‘/proc/fs/nfsd/clients’: Permission denied
find: ‘/proc/tty/driver’: Permission denied
find: ‘/proc/1/task/1/fd’: Permission denied
find: ‘/proc/1/task/1/ns’: Permission denied
find: ‘/proc/1/fd’: Permission denied
find: ‘/proc/1/map_files’: Permission denied
find: ‘/proc/1/ns’: Permission denied
find: ‘/proc/2/task/2/fd’: Permission denied
find: ‘/proc/2/task/2/ns’: Permission denied
find: ‘/proc/2/fd’: Permission denied
find: ‘/proc/2/map_files’: Permission denied
find: ‘/proc/2/ns’: Permission denied
find: ‘/proc/3/task/3/fd’: Permission denied
find: ‘/proc/3/task/3/ns’: Permission denied
find: ‘/proc/3/fd’: Permission denied
find: ‘/proc/3/map_files’: Permission denied
find: ‘/proc/3/ns’: Permission denied
find: ‘/proc/4/task/4/fd’: Permission denied
find: ‘/proc/4/task/4/ns’: Permission denied
find: ‘/proc/4/fd’: Permission denied
find: ‘/proc/4/map_files’: Permission denied
find: ‘/proc/4/ns’: Permission denied
find: ‘/proc/6/task/6/fd’: Permission denied
find: ‘/proc/6/task/6/ns’: Permission denied
find: ‘/proc/6/fd’: Permission denied
find: ‘/proc/6/map_files’: Permission denied
find: ‘/proc/6/ns’: Permission denied
find: ‘/proc/9/task/9/fd’: Permission denied
find: ‘/proc/9/task/9/ns’: Permission denied
find: ‘/proc/9/fd’: Permission denied
find: ‘/proc/9/map_files’: Permission denied
find: ‘/proc/9/ns’: Permission denied
find: ‘/proc/10/task/10/fd’: Permission denied
find: ‘/proc/10/task/10/ns’: Permission denied
find: ‘/proc/10/fd’: Permission denied
find: ‘/proc/10/map_files’: Permission denied
find: ‘/proc/10/ns’: Permission denied
find: ‘/proc/11/task/11/fd’: Permission denied
find: ‘/proc/11/task/11/ns’: Permission denied
find: ‘/proc/11/fd’: Permission denied
find: ‘/proc/11/map_files’: Permission denied
find: ‘/proc/11/ns’: Permission denied
find: ‘/proc/12/task/12/fd’: Permission denied
find: ‘/proc/12/task/12/ns’: Permission denied
find: ‘/proc/12/fd’: Permission denied
find: ‘/proc/12/map_files’: Permission denied
find: ‘/proc/12/ns’: Permission denied
find: ‘/proc/13/task/13/fd’: Permission denied
find: ‘/proc/13/task/13/ns’: Permission denied
find: ‘/proc/13/fd’: Permission denied
find: ‘/proc/13/map_files’: Permission denied
find: ‘/proc/13/ns’: Permission denied
find: ‘/proc/14/task/14/fd’: Permission denied
find: ‘/proc/14/task/14/ns’: Permission denied
find: ‘/proc/14/fd’: Permission denied
find: ‘/proc/14/map_files’: Permission denied
find: ‘/proc/14/ns’: Permission denied
find: ‘/proc/15/task/15/fd’: Permission denied
find: ‘/proc/15/task/15/ns’: Permission denied
find: ‘/proc/15/fd’: Permission denied
find: ‘/proc/15/map_files’: Permission denied
find: ‘/proc/15/ns’: Permission denied
find: ‘/proc/16/task/16/fd’: Permission denied
find: ‘/proc/16/task/16/ns’: Permission denied
find: ‘/proc/16/fd’: Permission denied
find: ‘/proc/16/map_files’: Permission denied
find: ‘/proc/16/ns’: Permission denied
find: ‘/proc/18/task/18/fd’: Permission denied
find: ‘/proc/18/task/18/ns’: Permission denied
find: ‘/proc/18/fd’: Permission denied
find: ‘/proc/18/map_files’: Permission denied
find: ‘/proc/18/ns’: Permission denied
find: ‘/proc/19/task/19/fd’: Permission denied
find: ‘/proc/19/task/19/ns’: Permission denied
find: ‘/proc/19/fd’: Permission denied
find: ‘/proc/19/map_files’: Permission denied
find: ‘/proc/19/ns’: Permission denied
find: ‘/proc/20/task/20/fd’: Permission denied
find: ‘/proc/20/task/20/ns’: Permission denied
find: ‘/proc/20/fd’: Permission denied
find: ‘/proc/20/map_files’: Permission denied
find: ‘/proc/20/ns’: Permission denied
find: ‘/proc/21/task/21/fd’: Permission denied
find: ‘/proc/21/task/21/ns’: Permission denied
find: ‘/proc/21/fd’: Permission denied
find: ‘/proc/21/map_files’: Permission denied
find: ‘/proc/21/ns’: Permission denied
find: ‘/proc/22/task/22/fd’: Permission denied
find: ‘/proc/22/task/22/ns’: Permission denied
find: ‘/proc/22/fd’: Permission denied
find: ‘/proc/22/map_files’: Permission denied
find: ‘/proc/22/ns’: Permission denied
find: ‘/proc/23/task/23/fd’: Permission denied
find: ‘/proc/23/task/23/ns’: Permission denied
find: ‘/proc/23/fd’: Permission denied
find: ‘/proc/23/map_files’: Permission denied
find: ‘/proc/23/ns’: Permission denied
find: ‘/proc/24/task/24/fd’: Permission denied
find: ‘/proc/24/task/24/ns’: Permission denied
find: ‘/proc/24/fd’: Permission denied
find: ‘/proc/24/map_files’: Permission denied
find: ‘/proc/24/ns’: Permission denied
find: ‘/proc/25/task/25/fd’: Permission denied
find: ‘/proc/25/task/25/ns’: Permission denied
find: ‘/proc/25/fd’: Permission denied
find: ‘/proc/25/map_files’: Permission denied
find: ‘/proc/25/ns’: Permission denied
find: ‘/proc/26/task/26/fd’: Permission denied
find: ‘/proc/26/task/26/ns’: Permission denied
find: ‘/proc/26/fd’: Permission denied
find: ‘/proc/26/map_files’: Permission denied
find: ‘/proc/26/ns’: Permission denied
find: ‘/proc/27/task/27/fd’: Permission denied
find: ‘/proc/27/task/27/ns’: Permission denied
find: ‘/proc/27/fd’: Permission denied
find: ‘/proc/27/map_files’: Permission denied
find: ‘/proc/27/ns’: Permission denied
find: ‘/proc/44/task/44/fd’: Permission denied
find: ‘/proc/44/task/44/ns’: Permission denied
find: ‘/proc/44/fd’: Permission denied
find: ‘/proc/44/map_files’: Permission denied
find: ‘/proc/44/ns’: Permission denied
find: ‘/proc/91/task/91/fd’: Permission denied
find: ‘/proc/91/task/91/ns’: Permission denied
find: ‘/proc/91/fd’: Permission denied
find: ‘/proc/91/map_files’: Permission denied
find: ‘/proc/91/ns’: Permission denied
find: ‘/proc/92/task/92/fd’: Permission denied
find: ‘/proc/92/task/92/ns’: Permission denied
find: ‘/proc/92/fd’: Permission denied
find: ‘/proc/92/map_files’: Permission denied
find: ‘/proc/92/ns’: Permission denied
find: ‘/proc/93/task/93/fd’: Permission denied
find: ‘/proc/93/task/93/ns’: Permission denied
find: ‘/proc/93/fd’: Permission denied
find: ‘/proc/93/map_files’: Permission denied
find: ‘/proc/93/ns’: Permission denied
find: ‘/proc/94/task/94/fd’: Permission denied
find: ‘/proc/94/task/94/ns’: Permission denied
find: ‘/proc/94/fd’: Permission denied
find: ‘/proc/94/map_files’: Permission denied
find: ‘/proc/94/ns’: Permission denied
find: ‘/proc/95/task/95/fd’: Permission denied
find: ‘/proc/95/task/95/ns’: Permission denied
find: ‘/proc/95/fd’: Permission denied
find: ‘/proc/95/map_files’: Permission denied
find: ‘/proc/95/ns’: Permission denied
find: ‘/proc/96/task/96/fd’: Permission denied
find: ‘/proc/96/task/96/ns’: Permission denied
find: ‘/proc/96/fd’: Permission denied
find: ‘/proc/96/map_files’: Permission denied
find: ‘/proc/96/ns’: Permission denied
find: ‘/proc/97/task/97/fd’: Permission denied
find: ‘/proc/97/task/97/ns’: Permission denied
find: ‘/proc/97/fd’: Permission denied
find: ‘/proc/97/map_files’: Permission denied
find: ‘/proc/97/ns’: Permission denied
find: ‘/proc/98/task/98/fd’: Permission denied
find: ‘/proc/98/task/98/ns’: Permission denied
find: ‘/proc/98/fd’: Permission denied
find: ‘/proc/98/map_files’: Permission denied
find: ‘/proc/98/ns’: Permission denied
find: ‘/proc/112/task/112/fd’: Permission denied
find: ‘/proc/112/task/112/ns’: Permission denied
find: ‘/proc/112/fd’: Permission denied
find: ‘/proc/112/map_files’: Permission denied
find: ‘/proc/112/ns’: Permission denied
find: ‘/proc/114/task/114/fd’: Permission denied
find: ‘/proc/114/task/114/ns’: Permission denied
find: ‘/proc/114/fd’: Permission denied
find: ‘/proc/114/map_files’: Permission denied
find: ‘/proc/114/ns’: Permission denied
find: ‘/proc/115/task/115/fd’: Permission denied
find: ‘/proc/115/task/115/ns’: Permission denied
find: ‘/proc/115/fd’: Permission denied
find: ‘/proc/115/map_files’: Permission denied
find: ‘/proc/115/ns’: Permission denied
find: ‘/proc/116/task/116/fd’: Permission denied
find: ‘/proc/116/task/116/ns’: Permission denied
find: ‘/proc/116/fd’: Permission denied
find: ‘/proc/116/map_files’: Permission denied
find: ‘/proc/116/ns’: Permission denied
find: ‘/proc/117/task/117/fd’: Permission denied
find: ‘/proc/117/task/117/ns’: Permission denied
find: ‘/proc/117/fd’: Permission denied
find: ‘/proc/117/map_files’: Permission denied
find: ‘/proc/117/ns’: Permission denied
find: ‘/proc/118/task/118/fd’: Permission denied
find: ‘/proc/118/task/118/ns’: Permission denied
find: ‘/proc/118/fd’: Permission denied
find: ‘/proc/118/map_files’: Permission denied
find: ‘/proc/118/ns’: Permission denied
find: ‘/proc/119/task/119/fd’: Permission denied
find: ‘/proc/119/task/119/ns’: Permission denied
find: ‘/proc/119/fd’: Permission denied
find: ‘/proc/119/map_files’: Permission denied
find: ‘/proc/119/ns’: Permission denied
find: ‘/proc/120/task/120/fd’: Permission denied
find: ‘/proc/120/task/120/ns’: Permission denied
find: ‘/proc/120/fd’: Permission denied
find: ‘/proc/120/map_files’: Permission denied
find: ‘/proc/120/ns’: Permission denied
find: ‘/proc/121/task/121/fd’: Permission denied
find: ‘/proc/121/task/121/ns’: Permission denied
find: ‘/proc/121/fd’: Permission denied
find: ‘/proc/121/map_files’: Permission denied
find: ‘/proc/121/ns’: Permission denied
find: ‘/proc/122/task/122/fd’: Permission denied
find: ‘/proc/122/task/122/ns’: Permission denied
find: ‘/proc/122/fd’: Permission denied
find: ‘/proc/122/map_files’: Permission denied
find: ‘/proc/122/ns’: Permission denied
find: ‘/proc/123/task/123/fd’: Permission denied
find: ‘/proc/123/task/123/ns’: Permission denied
find: ‘/proc/123/fd’: Permission denied
find: ‘/proc/123/map_files’: Permission denied
find: ‘/proc/123/ns’: Permission denied
find: ‘/proc/124/task/124/fd’: Permission denied
find: ‘/proc/124/task/124/ns’: Permission denied
find: ‘/proc/124/fd’: Permission denied
find: ‘/proc/124/map_files’: Permission denied
find: ‘/proc/124/ns’: Permission denied
find: ‘/proc/125/task/125/fd’: Permission denied
find: ‘/proc/125/task/125/ns’: Permission denied
find: ‘/proc/125/fd’: Permission denied
find: ‘/proc/125/map_files’: Permission denied
find: ‘/proc/125/ns’: Permission denied
find: ‘/proc/126/task/126/fd’: Permission denied
find: ‘/proc/126/task/126/ns’: Permission denied
find: ‘/proc/126/fd’: Permission denied
find: ‘/proc/126/map_files’: Permission denied
find: ‘/proc/126/ns’: Permission denied
find: ‘/proc/127/task/127/fd’: Permission denied
find: ‘/proc/127/task/127/ns’: Permission denied
find: ‘/proc/127/fd’: Permission denied
find: ‘/proc/127/map_files’: Permission denied
find: ‘/proc/127/ns’: Permission denied
find: ‘/proc/128/task/128/fd’: Permission denied
find: ‘/proc/128/task/128/ns’: Permission denied
find: ‘/proc/128/fd’: Permission denied
find: ‘/proc/128/map_files’: Permission denied
find: ‘/proc/128/ns’: Permission denied
find: ‘/proc/129/task/129/fd’: Permission denied
find: ‘/proc/129/task/129/ns’: Permission denied
find: ‘/proc/129/fd’: Permission denied
find: ‘/proc/129/map_files’: Permission denied
find: ‘/proc/129/ns’: Permission denied
find: ‘/proc/130/task/130/fd’: Permission denied
find: ‘/proc/130/task/130/ns’: Permission denied
find: ‘/proc/130/fd’: Permission denied
find: ‘/proc/130/map_files’: Permission denied
find: ‘/proc/130/ns’: Permission denied
find: ‘/proc/131/task/131/fd’: Permission denied
find: ‘/proc/131/task/131/ns’: Permission denied
find: ‘/proc/131/fd’: Permission denied
find: ‘/proc/131/map_files’: Permission denied
find: ‘/proc/131/ns’: Permission denied
find: ‘/proc/132/task/132/fd’: Permission denied
find: ‘/proc/132/task/132/ns’: Permission denied
find: ‘/proc/132/fd’: Permission denied
find: ‘/proc/132/map_files’: Permission denied
find: ‘/proc/132/ns’: Permission denied
find: ‘/proc/133/task/133/fd’: Permission denied
find: ‘/proc/133/task/133/ns’: Permission denied
find: ‘/proc/133/fd’: Permission denied
find: ‘/proc/133/map_files’: Permission denied
find: ‘/proc/133/ns’: Permission denied
find: ‘/proc/134/task/134/fd’: Permission denied
find: ‘/proc/134/task/134/ns’: Permission denied
find: ‘/proc/134/fd’: Permission denied
find: ‘/proc/134/map_files’: Permission denied
find: ‘/proc/134/ns’: Permission denied
find: ‘/proc/135/task/135/fd’: Permission denied
find: ‘/proc/135/task/135/ns’: Permission denied
find: ‘/proc/135/fd’: Permission denied
find: ‘/proc/135/map_files’: Permission denied
find: ‘/proc/135/ns’: Permission denied
find: ‘/proc/136/task/136/fd’: Permission denied
find: ‘/proc/136/task/136/ns’: Permission denied
find: ‘/proc/136/fd’: Permission denied
find: ‘/proc/136/map_files’: Permission denied
find: ‘/proc/136/ns’: Permission denied
find: ‘/proc/137/task/137/fd’: Permission denied
find: ‘/proc/137/task/137/ns’: Permission denied
find: ‘/proc/137/fd’: Permission denied
find: ‘/proc/137/map_files’: Permission denied
find: ‘/proc/137/ns’: Permission denied
find: ‘/proc/138/task/138/fd’: Permission denied
find: ‘/proc/138/task/138/ns’: Permission denied
find: ‘/proc/138/fd’: Permission denied
find: ‘/proc/138/map_files’: Permission denied
find: ‘/proc/138/ns’: Permission denied
find: ‘/proc/139/task/139/fd’: Permission denied
find: ‘/proc/139/task/139/ns’: Permission denied
find: ‘/proc/139/fd’: Permission denied
find: ‘/proc/139/map_files’: Permission denied
find: ‘/proc/139/ns’: Permission denied
find: ‘/proc/140/task/140/fd’: Permission denied
find: ‘/proc/140/task/140/ns’: Permission denied
find: ‘/proc/140/fd’: Permission denied
find: ‘/proc/140/map_files’: Permission denied
find: ‘/proc/140/ns’: Permission denied
find: ‘/proc/141/task/141/fd’: Permission denied
find: ‘/proc/141/task/141/ns’: Permission denied
find: ‘/proc/141/fd’: Permission denied
find: ‘/proc/141/map_files’: Permission denied
find: ‘/proc/141/ns’: Permission denied
find: ‘/proc/142/task/142/fd’: Permission denied
find: ‘/proc/142/task/142/ns’: Permission denied
find: ‘/proc/142/fd’: Permission denied
find: ‘/proc/142/map_files’: Permission denied
find: ‘/proc/142/ns’: Permission denied
find: ‘/proc/143/task/143/fd’: Permission denied
find: ‘/proc/143/task/143/ns’: Permission denied
find: ‘/proc/143/fd’: Permission denied
find: ‘/proc/143/map_files’: Permission denied
find: ‘/proc/143/ns’: Permission denied
find: ‘/proc/144/task/144/fd’: Permission denied
find: ‘/proc/144/task/144/ns’: Permission denied
find: ‘/proc/144/fd’: Permission denied
find: ‘/proc/144/map_files’: Permission denied
find: ‘/proc/144/ns’: Permission denied
find: ‘/proc/145/task/145/fd’: Permission denied
find: ‘/proc/145/task/145/ns’: Permission denied
find: ‘/proc/145/fd’: Permission denied
find: ‘/proc/145/map_files’: Permission denied
find: ‘/proc/145/ns’: Permission denied
find: ‘/proc/146/task/146/fd’: Permission denied
find: ‘/proc/146/task/146/ns’: Permission denied
find: ‘/proc/146/fd’: Permission denied
find: ‘/proc/146/map_files’: Permission denied
find: ‘/proc/146/ns’: Permission denied
find: ‘/proc/147/task/147/fd’: Permission denied
find: ‘/proc/147/task/147/ns’: Permission denied
find: ‘/proc/147/fd’: Permission denied
find: ‘/proc/147/map_files’: Permission denied
find: ‘/proc/147/ns’: Permission denied
find: ‘/proc/149/task/149/fd’: Permission denied
find: ‘/proc/149/task/149/ns’: Permission denied
find: ‘/proc/149/fd’: Permission denied
find: ‘/proc/149/map_files’: Permission denied
find: ‘/proc/149/ns’: Permission denied
find: ‘/proc/150/task/150/fd’: Permission denied
find: ‘/proc/150/task/150/ns’: Permission denied
find: ‘/proc/150/fd’: Permission denied
find: ‘/proc/150/map_files’: Permission denied
find: ‘/proc/150/ns’: Permission denied
find: ‘/proc/152/task/152/fd’: Permission denied
find: ‘/proc/152/task/152/ns’: Permission denied
find: ‘/proc/152/fd’: Permission denied
find: ‘/proc/152/map_files’: Permission denied
find: ‘/proc/152/ns’: Permission denied
find: ‘/proc/153/task/153/fd’: Permission denied
find: ‘/proc/153/task/153/ns’: Permission denied
find: ‘/proc/153/fd’: Permission denied
find: ‘/proc/153/map_files’: Permission denied
find: ‘/proc/153/ns’: Permission denied
find: ‘/proc/154/task/154/fd’: Permission denied
find: ‘/proc/154/task/154/ns’: Permission denied
find: ‘/proc/154/fd’: Permission denied
find: ‘/proc/154/map_files’: Permission denied
find: ‘/proc/154/ns’: Permission denied
find: ‘/proc/202/task/202/fd’: Permission denied
find: ‘/proc/202/task/202/ns’: Permission denied
find: ‘/proc/202/fd’: Permission denied
find: ‘/proc/202/map_files’: Permission denied
find: ‘/proc/202/ns’: Permission denied
find: ‘/proc/207/task/207/fd’: Permission denied
find: ‘/proc/207/task/207/ns’: Permission denied
find: ‘/proc/207/fd’: Permission denied
find: ‘/proc/207/map_files’: Permission denied
find: ‘/proc/207/ns’: Permission denied
find: ‘/proc/398/task/398/fd’: Permission denied
find: ‘/proc/398/task/398/ns’: Permission denied
find: ‘/proc/398/fd’: Permission denied
find: ‘/proc/398/map_files’: Permission denied
find: ‘/proc/398/ns’: Permission denied
find: ‘/proc/399/task/399/fd’: Permission denied
find: ‘/proc/399/task/399/ns’: Permission denied
find: ‘/proc/399/fd’: Permission denied
find: ‘/proc/399/map_files’: Permission denied
find: ‘/proc/399/ns’: Permission denied
find: ‘/proc/400/task/400/fd’: Permission denied
find: ‘/proc/400/task/400/ns’: Permission denied
find: ‘/proc/400/fd’: Permission denied
find: ‘/proc/400/map_files’: Permission denied
find: ‘/proc/400/ns’: Permission denied
find: ‘/proc/401/task/401/fd’: Permission denied
find: ‘/proc/401/task/401/ns’: Permission denied
find: ‘/proc/401/fd’: Permission denied
find: ‘/proc/401/map_files’: Permission denied
find: ‘/proc/401/ns’: Permission denied
find: ‘/proc/402/task/402/fd’: Permission denied
find: ‘/proc/402/task/402/ns’: Permission denied
find: ‘/proc/402/fd’: Permission denied
find: ‘/proc/402/map_files’: Permission denied
find: ‘/proc/402/ns’: Permission denied
find: ‘/proc/403/task/403/fd’: Permission denied
find: ‘/proc/403/task/403/ns’: Permission denied
find: ‘/proc/403/fd’: Permission denied
find: ‘/proc/403/map_files’: Permission denied
find: ‘/proc/403/ns’: Permission denied
find: ‘/proc/404/task/404/fd’: Permission denied
find: ‘/proc/404/task/404/ns’: Permission denied
find: ‘/proc/404/fd’: Permission denied
find: ‘/proc/404/map_files’: Permission denied
find: ‘/proc/404/ns’: Permission denied
find: ‘/proc/405/task/405/fd’: Permission denied
find: ‘/proc/405/task/405/ns’: Permission denied
find: ‘/proc/405/fd’: Permission denied
find: ‘/proc/405/map_files’: Permission denied
find: ‘/proc/405/ns’: Permission denied
find: ‘/proc/414/task/414/fd’: Permission denied
find: ‘/proc/414/task/414/ns’: Permission denied
find: ‘/proc/414/fd’: Permission denied
find: ‘/proc/414/map_files’: Permission denied
find: ‘/proc/414/ns’: Permission denied
find: ‘/proc/415/task/415/fd’: Permission denied
find: ‘/proc/415/task/415/ns’: Permission denied
find: ‘/proc/415/fd’: Permission denied
find: ‘/proc/415/map_files’: Permission denied
find: ‘/proc/415/ns’: Permission denied
find: ‘/proc/417/task/417/fd’: Permission denied
find: ‘/proc/417/task/417/ns’: Permission denied
find: ‘/proc/417/fd’: Permission denied
find: ‘/proc/417/map_files’: Permission denied
find: ‘/proc/417/ns’: Permission denied
find: ‘/proc/419/task/419/fd’: Permission denied
find: ‘/proc/419/task/419/ns’: Permission denied
find: ‘/proc/419/fd’: Permission denied
find: ‘/proc/419/map_files’: Permission denied
find: ‘/proc/419/ns’: Permission denied
find: ‘/proc/420/task/420/fd’: Permission denied
find: ‘/proc/420/task/420/ns’: Permission denied
find: ‘/proc/420/fd’: Permission denied
find: ‘/proc/420/map_files’: Permission denied
find: ‘/proc/420/ns’: Permission denied
find: ‘/proc/421/task/421/fd’: Permission denied
find: ‘/proc/421/task/421/ns’: Permission denied
find: ‘/proc/421/fd’: Permission denied
find: ‘/proc/421/map_files’: Permission denied
find: ‘/proc/421/ns’: Permission denied
find: ‘/proc/423/task/423/fd’: Permission denied
find: ‘/proc/423/task/423/ns’: Permission denied
find: ‘/proc/423/fd’: Permission denied
find: ‘/proc/423/map_files’: Permission denied
find: ‘/proc/423/ns’: Permission denied
find: ‘/proc/424/task/424/fd’: Permission denied
find: ‘/proc/424/task/424/ns’: Permission denied
find: ‘/proc/424/fd’: Permission denied
find: ‘/proc/424/map_files’: Permission denied
find: ‘/proc/424/ns’: Permission denied
find: ‘/proc/426/task/426/fd’: Permission denied
find: ‘/proc/426/task/426/ns’: Permission denied
find: ‘/proc/426/fd’: Permission denied
find: ‘/proc/426/map_files’: Permission denied
find: ‘/proc/426/ns’: Permission denied
find: ‘/proc/427/task/427/fd’: Permission denied
find: ‘/proc/427/task/427/ns’: Permission denied
find: ‘/proc/427/fd’: Permission denied
find: ‘/proc/427/map_files’: Permission denied
find: ‘/proc/427/ns’: Permission denied
find: ‘/proc/428/task/428/fd’: Permission denied
find: ‘/proc/428/task/428/ns’: Permission denied
find: ‘/proc/428/fd’: Permission denied
find: ‘/proc/428/map_files’: Permission denied
find: ‘/proc/428/ns’: Permission denied
find: ‘/proc/429/task/429/fd’: Permission denied
find: ‘/proc/429/task/429/ns’: Permission denied
find: ‘/proc/429/fd’: Permission denied
find: ‘/proc/429/map_files’: Permission denied
find: ‘/proc/429/ns’: Permission denied
find: ‘/proc/430/task/430/fd’: Permission denied
find: ‘/proc/430/task/430/ns’: Permission denied
find: ‘/proc/430/fd’: Permission denied
find: ‘/proc/430/map_files’: Permission denied
find: ‘/proc/430/ns’: Permission denied
find: ‘/proc/431/task/431/fd’: Permission denied
find: ‘/proc/431/task/431/ns’: Permission denied
find: ‘/proc/431/fd’: Permission denied
find: ‘/proc/431/map_files’: Permission denied
find: ‘/proc/431/ns’: Permission denied
find: ‘/proc/432/task/432/fd’: Permission denied
find: ‘/proc/432/task/432/ns’: Permission denied
find: ‘/proc/432/fd’: Permission denied
find: ‘/proc/432/map_files’: Permission denied
find: ‘/proc/432/ns’: Permission denied
find: ‘/proc/433/task/433/fd’: Permission denied
find: ‘/proc/433/task/433/ns’: Permission denied
find: ‘/proc/433/fd’: Permission denied
find: ‘/proc/433/map_files’: Permission denied
find: ‘/proc/433/ns’: Permission denied
find: ‘/proc/434/task/434/fd’: Permission denied
find: ‘/proc/434/task/434/ns’: Permission denied
find: ‘/proc/434/fd’: Permission denied
find: ‘/proc/434/map_files’: Permission denied
find: ‘/proc/434/ns’: Permission denied
find: ‘/proc/436/task/436/fd’: Permission denied
find: ‘/proc/436/task/436/ns’: Permission denied
find: ‘/proc/436/fd’: Permission denied
find: ‘/proc/436/map_files’: Permission denied
find: ‘/proc/436/ns’: Permission denied
find: ‘/proc/438/task/438/fd’: Permission denied
find: ‘/proc/438/task/438/ns’: Permission denied
find: ‘/proc/438/fd’: Permission denied
find: ‘/proc/438/map_files’: Permission denied
find: ‘/proc/438/ns’: Permission denied
find: ‘/proc/439/task/439/fd’: Permission denied
find: ‘/proc/439/task/439/ns’: Permission denied
find: ‘/proc/439/fd’: Permission denied
find: ‘/proc/439/map_files’: Permission denied
find: ‘/proc/439/ns’: Permission denied
find: ‘/proc/440/task/440/fd’: Permission denied
find: ‘/proc/440/task/440/ns’: Permission denied
find: ‘/proc/440/fd’: Permission denied
find: ‘/proc/440/map_files’: Permission denied
find: ‘/proc/440/ns’: Permission denied
find: ‘/proc/441/task/441/fd’: Permission denied
find: ‘/proc/441/task/441/ns’: Permission denied
find: ‘/proc/441/fd’: Permission denied
find: ‘/proc/441/map_files’: Permission denied
find: ‘/proc/441/ns’: Permission denied
find: ‘/proc/442/task/442/fd’: Permission denied
find: ‘/proc/442/task/442/ns’: Permission denied
find: ‘/proc/442/fd’: Permission denied
find: ‘/proc/442/map_files’: Permission denied
find: ‘/proc/442/ns’: Permission denied
find: ‘/proc/443/task/443/fd’: Permission denied
find: ‘/proc/443/task/443/ns’: Permission denied
find: ‘/proc/443/fd’: Permission denied
find: ‘/proc/443/map_files’: Permission denied
find: ‘/proc/443/ns’: Permission denied
find: ‘/proc/444/task/444/fd’: Permission denied
find: ‘/proc/444/task/444/ns’: Permission denied
find: ‘/proc/444/fd’: Permission denied
find: ‘/proc/444/map_files’: Permission denied
find: ‘/proc/444/ns’: Permission denied
find: ‘/proc/445/task/445/fd’: Permission denied
find: ‘/proc/445/task/445/ns’: Permission denied
find: ‘/proc/445/fd’: Permission denied
find: ‘/proc/445/map_files’: Permission denied
find: ‘/proc/445/ns’: Permission denied
find: ‘/proc/446/task/446/fd’: Permission denied
find: ‘/proc/446/task/446/ns’: Permission denied
find: ‘/proc/446/fd’: Permission denied
find: ‘/proc/446/map_files’: Permission denied
find: ‘/proc/446/ns’: Permission denied
find: ‘/proc/447/task/447/fd’: Permission denied
find: ‘/proc/447/task/447/ns’: Permission denied
find: ‘/proc/447/fd’: Permission denied
find: ‘/proc/447/map_files’: Permission denied
find: ‘/proc/447/ns’: Permission denied
find: ‘/proc/449/task/449/fd’: Permission denied
find: ‘/proc/449/task/449/ns’: Permission denied
find: ‘/proc/449/fd’: Permission denied
find: ‘/proc/449/map_files’: Permission denied
find: ‘/proc/449/ns’: Permission denied
find: ‘/proc/450/task/450/fd’: Permission denied
find: ‘/proc/450/task/450/ns’: Permission denied
find: ‘/proc/450/fd’: Permission denied
find: ‘/proc/450/map_files’: Permission denied
find: ‘/proc/450/ns’: Permission denied
find: ‘/proc/451/task/451/fd’: Permission denied
find: ‘/proc/451/task/451/ns’: Permission denied
find: ‘/proc/451/fd’: Permission denied
find: ‘/proc/451/map_files’: Permission denied
find: ‘/proc/451/ns’: Permission denied
find: ‘/proc/452/task/452/fd’: Permission denied
find: ‘/proc/452/task/452/ns’: Permission denied
find: ‘/proc/452/fd’: Permission denied
find: ‘/proc/452/map_files’: Permission denied
find: ‘/proc/452/ns’: Permission denied
find: ‘/proc/453/task/453/fd’: Permission denied
find: ‘/proc/453/task/453/ns’: Permission denied
find: ‘/proc/453/fd’: Permission denied
find: ‘/proc/453/map_files’: Permission denied
find: ‘/proc/453/ns’: Permission denied
find: ‘/proc/455/task/455/fd’: Permission denied
find: ‘/proc/455/task/455/ns’: Permission denied
find: ‘/proc/455/fd’: Permission denied
find: ‘/proc/455/map_files’: Permission denied
find: ‘/proc/455/ns’: Permission denied
find: ‘/proc/456/task/456/fd’: Permission denied
find: ‘/proc/456/task/456/ns’: Permission denied
find: ‘/proc/456/fd’: Permission denied
find: ‘/proc/456/map_files’: Permission denied
find: ‘/proc/456/ns’: Permission denied
find: ‘/proc/457/task/457/fd’: Permission denied
find: ‘/proc/457/task/457/ns’: Permission denied
find: ‘/proc/457/fd’: Permission denied
find: ‘/proc/457/map_files’: Permission denied
find: ‘/proc/457/ns’: Permission denied
find: ‘/proc/458/task/458/fd’: Permission denied
find: ‘/proc/458/task/458/ns’: Permission denied
find: ‘/proc/458/fd’: Permission denied
find: ‘/proc/458/map_files’: Permission denied
find: ‘/proc/458/ns’: Permission denied
find: ‘/proc/460/task/460/fd’: Permission denied
find: ‘/proc/460/task/460/ns’: Permission denied
find: ‘/proc/460/fd’: Permission denied
find: ‘/proc/460/map_files’: Permission denied
find: ‘/proc/460/ns’: Permission denied
find: ‘/proc/461/task/461/fd’: Permission denied
find: ‘/proc/461/task/461/ns’: Permission denied
find: ‘/proc/461/fd’: Permission denied
find: ‘/proc/461/map_files’: Permission denied
find: ‘/proc/461/ns’: Permission denied
find: ‘/proc/463/task/463/fd’: Permission denied
find: ‘/proc/463/task/463/ns’: Permission denied
find: ‘/proc/463/fd’: Permission denied
find: ‘/proc/463/map_files’: Permission denied
find: ‘/proc/463/ns’: Permission denied
find: ‘/proc/464/task/464/fd’: Permission denied
find: ‘/proc/464/task/464/ns’: Permission denied
find: ‘/proc/464/fd’: Permission denied
find: ‘/proc/464/map_files’: Permission denied
find: ‘/proc/464/ns’: Permission denied
find: ‘/proc/465/task/465/fd’: Permission denied
find: ‘/proc/465/task/465/ns’: Permission denied
find: ‘/proc/465/fd’: Permission denied
find: ‘/proc/465/map_files’: Permission denied
find: ‘/proc/465/ns’: Permission denied
find: ‘/proc/466/task/466/fd’: Permission denied
find: ‘/proc/466/task/466/ns’: Permission denied
find: ‘/proc/466/fd’: Permission denied
find: ‘/proc/466/map_files’: Permission denied
find: ‘/proc/466/ns’: Permission denied
find: ‘/proc/467/task/467/fd’: Permission denied
find: ‘/proc/467/task/467/ns’: Permission denied
find: ‘/proc/467/fd’: Permission denied
find: ‘/proc/467/map_files’: Permission denied
find: ‘/proc/467/ns’: Permission denied
find: ‘/proc/468/task/468/fd’: Permission denied
find: ‘/proc/468/task/468/ns’: Permission denied
find: ‘/proc/468/fd’: Permission denied
find: ‘/proc/468/map_files’: Permission denied
find: ‘/proc/468/ns’: Permission denied
find: ‘/proc/469/task/469/fd’: Permission denied
find: ‘/proc/469/task/469/ns’: Permission denied
find: ‘/proc/469/fd’: Permission denied
find: ‘/proc/469/map_files’: Permission denied
find: ‘/proc/469/ns’: Permission denied
find: ‘/proc/470/task/470/fd’: Permission denied
find: ‘/proc/470/task/470/ns’: Permission denied
find: ‘/proc/470/fd’: Permission denied
find: ‘/proc/470/map_files’: Permission denied
find: ‘/proc/470/ns’: Permission denied
find: ‘/proc/471/task/471/fd’: Permission denied
find: ‘/proc/471/task/471/ns’: Permission denied
find: ‘/proc/471/fd’: Permission denied
find: ‘/proc/471/map_files’: Permission denied
find: ‘/proc/471/ns’: Permission denied
find: ‘/proc/472/task/472/fd’: Permission denied
find: ‘/proc/472/task/472/ns’: Permission denied
find: ‘/proc/472/fd’: Permission denied
find: ‘/proc/472/map_files’: Permission denied
find: ‘/proc/472/ns’: Permission denied
find: ‘/proc/473/task/473/fd’: Permission denied
find: ‘/proc/473/task/473/ns’: Permission denied
find: ‘/proc/473/fd’: Permission denied
find: ‘/proc/473/map_files’: Permission denied
find: ‘/proc/473/ns’: Permission denied
find: ‘/proc/474/task/474/fd’: Permission denied
find: ‘/proc/474/task/474/ns’: Permission denied
find: ‘/proc/474/fd’: Permission denied
find: ‘/proc/474/map_files’: Permission denied
find: ‘/proc/474/ns’: Permission denied
find: ‘/proc/475/task/475/fd’: Permission denied
find: ‘/proc/475/task/475/ns’: Permission denied
find: ‘/proc/475/fd’: Permission denied
find: ‘/proc/475/map_files’: Permission denied
find: ‘/proc/475/ns’: Permission denied
find: ‘/proc/476/task/476/fd’: Permission denied
find: ‘/proc/476/task/476/ns’: Permission denied
find: ‘/proc/476/fd’: Permission denied
find: ‘/proc/476/map_files’: Permission denied
find: ‘/proc/476/ns’: Permission denied
find: ‘/proc/477/task/477/fd’: Permission denied
find: ‘/proc/477/task/477/ns’: Permission denied
find: ‘/proc/477/fd’: Permission denied
find: ‘/proc/477/map_files’: Permission denied
find: ‘/proc/477/ns’: Permission denied
find: ‘/proc/478/task/478/fd’: Permission denied
find: ‘/proc/478/task/478/ns’: Permission denied
find: ‘/proc/478/fd’: Permission denied
find: ‘/proc/478/map_files’: Permission denied
find: ‘/proc/478/ns’: Permission denied
find: ‘/proc/479/task/479/fd’: Permission denied
find: ‘/proc/479/task/479/ns’: Permission denied
find: ‘/proc/479/fd’: Permission denied
find: ‘/proc/479/map_files’: Permission denied
find: ‘/proc/479/ns’: Permission denied
find: ‘/proc/480/task/480/fd’: Permission denied
find: ‘/proc/480/task/480/ns’: Permission denied
find: ‘/proc/480/fd’: Permission denied
find: ‘/proc/480/map_files’: Permission denied
find: ‘/proc/480/ns’: Permission denied
find: ‘/proc/481/task/481/fd’: Permission denied
find: ‘/proc/481/task/481/ns’: Permission denied
find: ‘/proc/481/fd’: Permission denied
find: ‘/proc/481/map_files’: Permission denied
find: ‘/proc/481/ns’: Permission denied
find: ‘/proc/482/task/482/fd’: Permission denied
find: ‘/proc/482/task/482/ns’: Permission denied
find: ‘/proc/482/fd’: Permission denied
find: ‘/proc/482/map_files’: Permission denied
find: ‘/proc/482/ns’: Permission denied
find: ‘/proc/483/task/483/fd’: Permission denied
find: ‘/proc/483/task/483/ns’: Permission denied
find: ‘/proc/483/fd’: Permission denied
find: ‘/proc/483/map_files’: Permission denied
find: ‘/proc/483/ns’: Permission denied
find: ‘/proc/530/task/530/fd’: Permission denied
find: ‘/proc/530/task/530/ns’: Permission denied
find: ‘/proc/530/fd’: Permission denied
find: ‘/proc/530/map_files’: Permission denied
find: ‘/proc/530/ns’: Permission denied
find: ‘/proc/533/task/533/fd’: Permission denied
find: ‘/proc/533/task/533/ns’: Permission denied
find: ‘/proc/533/fd’: Permission denied
find: ‘/proc/533/map_files’: Permission denied
find: ‘/proc/533/ns’: Permission denied
find: ‘/proc/534/task/534/fd’: Permission denied
find: ‘/proc/534/task/534/ns’: Permission denied
find: ‘/proc/534/fd’: Permission denied
find: ‘/proc/534/map_files’: Permission denied
find: ‘/proc/534/ns’: Permission denied
find: ‘/proc/536/task/536/fd’: Permission denied
find: ‘/proc/536/task/536/ns’: Permission denied
find: ‘/proc/536/fd’: Permission denied
find: ‘/proc/536/map_files’: Permission denied
find: ‘/proc/536/ns’: Permission denied
find: ‘/proc/537/task/537/fd’: Permission denied
find: ‘/proc/537/task/537/ns’: Permission denied
find: ‘/proc/537/fd’: Permission denied
find: ‘/proc/537/map_files’: Permission denied
find: ‘/proc/537/ns’: Permission denied
find: ‘/proc/539/task/539/fd’: Permission denied
find: ‘/proc/539/task/539/ns’: Permission denied
find: ‘/proc/539/fd’: Permission denied
find: ‘/proc/539/map_files’: Permission denied
find: ‘/proc/539/ns’: Permission denied
find: ‘/proc/540/task/540/fd’: Permission denied
find: ‘/proc/540/task/540/ns’: Permission denied
find: ‘/proc/540/fd’: Permission denied
find: ‘/proc/540/map_files’: Permission denied
find: ‘/proc/540/ns’: Permission denied
find: ‘/proc/542/task/542/fd’: Permission denied
find: ‘/proc/542/task/542/ns’: Permission denied
find: ‘/proc/542/fd’: Permission denied
find: ‘/proc/542/map_files’: Permission denied
find: ‘/proc/542/ns’: Permission denied
find: ‘/proc/543/task/543/fd’: Permission denied
find: ‘/proc/543/task/543/ns’: Permission denied
find: ‘/proc/543/fd’: Permission denied
find: ‘/proc/543/map_files’: Permission denied
find: ‘/proc/543/ns’: Permission denied
find: ‘/proc/546/task/546/fd’: Permission denied
find: ‘/proc/546/task/546/ns’: Permission denied
find: ‘/proc/546/fd’: Permission denied
find: ‘/proc/546/map_files’: Permission denied
find: ‘/proc/546/ns’: Permission denied
find: ‘/proc/624/task/624/fd’: Permission denied
find: ‘/proc/624/task/624/ns’: Permission denied
find: ‘/proc/624/fd’: Permission denied
find: ‘/proc/624/map_files’: Permission denied
find: ‘/proc/624/ns’: Permission denied
find: ‘/proc/633/task/633/fd’: Permission denied
find: ‘/proc/633/task/633/ns’: Permission denied
find: ‘/proc/633/fd’: Permission denied
find: ‘/proc/633/map_files’: Permission denied
find: ‘/proc/633/ns’: Permission denied
find: ‘/proc/649/task/649/fd’: Permission denied
find: ‘/proc/649/task/649/ns’: Permission denied
find: ‘/proc/649/fd’: Permission denied
find: ‘/proc/649/map_files’: Permission denied
find: ‘/proc/649/ns’: Permission denied
find: ‘/proc/650/task/650/fd’: Permission denied
find: ‘/proc/650/task/650/ns’: Permission denied
find: ‘/proc/650/fd’: Permission denied
find: ‘/proc/650/map_files’: Permission denied
find: ‘/proc/650/ns’: Permission denied
find: ‘/proc/651/task/651/fd’: Permission denied
find: ‘/proc/651/task/651/ns’: Permission denied
find: ‘/proc/651/fd’: Permission denied
find: ‘/proc/651/map_files’: Permission denied
find: ‘/proc/651/ns’: Permission denied
find: ‘/proc/652/task/652/fd’: Permission denied
find: ‘/proc/652/task/652/ns’: Permission denied
find: ‘/proc/652/fd’: Permission denied
find: ‘/proc/652/map_files’: Permission denied
find: ‘/proc/652/ns’: Permission denied
find: ‘/proc/653/task/653/fd’: Permission denied
find: ‘/proc/653/task/653/ns’: Permission denied
find: ‘/proc/653/fd’: Permission denied
find: ‘/proc/653/map_files’: Permission denied
find: ‘/proc/653/ns’: Permission denied
find: ‘/proc/654/task/654/fd’: Permission denied
find: ‘/proc/654/task/654/ns’: Permission denied
find: ‘/proc/654/fd’: Permission denied
find: ‘/proc/654/map_files’: Permission denied
find: ‘/proc/654/ns’: Permission denied
find: ‘/proc/655/task/655/fd’: Permission denied
find: ‘/proc/655/task/655/ns’: Permission denied
find: ‘/proc/655/fd’: Permission denied
find: ‘/proc/655/map_files’: Permission denied
find: ‘/proc/655/ns’: Permission denied
find: ‘/proc/656/task/656/fd’: Permission denied
find: ‘/proc/656/task/656/ns’: Permission denied
find: ‘/proc/656/fd’: Permission denied
find: ‘/proc/656/map_files’: Permission denied
find: ‘/proc/656/ns’: Permission denied
find: ‘/proc/657/task/657/fd’: Permission denied
find: ‘/proc/657/task/657/ns’: Permission denied
find: ‘/proc/657/fd’: Permission denied
find: ‘/proc/657/map_files’: Permission denied
find: ‘/proc/657/ns’: Permission denied
find: ‘/proc/770/task/770/fd’: Permission denied
find: ‘/proc/770/task/770/ns’: Permission denied
find: ‘/proc/770/fd’: Permission denied
find: ‘/proc/770/map_files’: Permission denied
find: ‘/proc/770/ns’: Permission denied
find: ‘/proc/785/task/785/fd’: Permission denied
find: ‘/proc/785/task/785/ns’: Permission denied
find: ‘/proc/785/fd’: Permission denied
find: ‘/proc/785/map_files’: Permission denied
find: ‘/proc/785/ns’: Permission denied
find: ‘/proc/786/task/786/fd’: Permission denied
find: ‘/proc/786/task/786/ns’: Permission denied
find: ‘/proc/786/fd’: Permission denied
find: ‘/proc/786/map_files’: Permission denied
find: ‘/proc/786/ns’: Permission denied
find: ‘/proc/787/task/787/fd’: Permission denied
find: ‘/proc/787/task/787/ns’: Permission denied
find: ‘/proc/787/fd’: Permission denied
find: ‘/proc/787/map_files’: Permission denied
find: ‘/proc/787/ns’: Permission denied
find: ‘/proc/788/task/788/fd’: Permission denied
find: ‘/proc/788/task/788/ns’: Permission denied
find: ‘/proc/788/task/789/fd’: Permission denied
find: ‘/proc/788/task/789/ns’: Permission denied
find: ‘/proc/788/task/790/fd’: Permission denied
find: ‘/proc/788/task/790/ns’: Permission denied
find: ‘/proc/788/fd’: Permission denied
find: ‘/proc/788/map_files’: Permission denied
find: ‘/proc/788/ns’: Permission denied
find: ‘/proc/833/task/833/fd’: Permission denied
find: ‘/proc/833/task/833/ns’: Permission denied
find: ‘/proc/833/fd’: Permission denied
find: ‘/proc/833/map_files’: Permission denied
find: ‘/proc/833/ns’: Permission denied
find: ‘/proc/834/task/834/fd’: Permission denied
find: ‘/proc/834/task/834/ns’: Permission denied
find: ‘/proc/834/fd’: Permission denied
find: ‘/proc/834/map_files’: Permission denied
find: ‘/proc/834/ns’: Permission denied
find: ‘/proc/838/task/838/fd’: Permission denied
find: ‘/proc/838/task/838/ns’: Permission denied
find: ‘/proc/838/fd’: Permission denied
find: ‘/proc/838/map_files’: Permission denied
find: ‘/proc/838/ns’: Permission denied
find: ‘/proc/839/task/839/fd’: Permission denied
find: ‘/proc/839/task/839/ns’: Permission denied
find: ‘/proc/839/fd’: Permission denied
find: ‘/proc/839/map_files’: Permission denied
find: ‘/proc/839/ns’: Permission denied
find: ‘/proc/860/task/860/fd’: Permission denied
find: ‘/proc/860/task/860/ns’: Permission denied
find: ‘/proc/860/fd’: Permission denied
find: ‘/proc/860/map_files’: Permission denied
find: ‘/proc/860/ns’: Permission denied
find: ‘/proc/869/task/869/fd’: Permission denied
find: ‘/proc/869/task/869/ns’: Permission denied
find: ‘/proc/869/fd’: Permission denied
find: ‘/proc/869/map_files’: Permission denied
find: ‘/proc/869/ns’: Permission denied
find: ‘/proc/870/task/870/fd’: Permission denied
find: ‘/proc/870/task/870/ns’: Permission denied
find: ‘/proc/870/fd’: Permission denied
find: ‘/proc/870/map_files’: Permission denied
find: ‘/proc/870/ns’: Permission denied
find: ‘/proc/871/task/871/fd’: Permission denied
find: ‘/proc/871/task/871/ns’: Permission denied
find: ‘/proc/871/fd’: Permission denied
find: ‘/proc/871/map_files’: Permission denied
find: ‘/proc/871/ns’: Permission denied
find: ‘/proc/872/task/872/fd’: Permission denied
find: ‘/proc/872/task/872/ns’: Permission denied
find: ‘/proc/872/fd’: Permission denied
find: ‘/proc/872/map_files’: Permission denied
find: ‘/proc/872/ns’: Permission denied
find: ‘/proc/873/task/873/fd’: Permission denied
find: ‘/proc/873/task/873/ns’: Permission denied
find: ‘/proc/873/fd’: Permission denied
find: ‘/proc/873/map_files’: Permission denied
find: ‘/proc/873/ns’: Permission denied
find: ‘/proc/874/task/874/fd’: Permission denied
find: ‘/proc/874/task/874/ns’: Permission denied
find: ‘/proc/874/fd’: Permission denied
find: ‘/proc/874/map_files’: Permission denied
find: ‘/proc/874/ns’: Permission denied
find: ‘/proc/875/task/875/fd’: Permission denied
find: ‘/proc/875/task/875/ns’: Permission denied
find: ‘/proc/875/fd’: Permission denied
find: ‘/proc/875/map_files’: Permission denied
find: ‘/proc/875/ns’: Permission denied
find: ‘/proc/881/task/881/fd’: Permission denied
find: ‘/proc/881/task/881/ns’: Permission denied
find: ‘/proc/881/fd’: Permission denied
find: ‘/proc/881/map_files’: Permission denied
find: ‘/proc/881/ns’: Permission denied
find: ‘/proc/884/task/884/fd’: Permission denied
find: ‘/proc/884/task/884/ns’: Permission denied
find: ‘/proc/884/fd’: Permission denied
find: ‘/proc/884/map_files’: Permission denied
find: ‘/proc/884/ns’: Permission denied
find: ‘/proc/885/task/885/fd’: Permission denied
find: ‘/proc/885/task/885/ns’: Permission denied
find: ‘/proc/885/task/886/fd’: Permission denied
find: ‘/proc/885/task/886/ns’: Permission denied
find: ‘/proc/885/task/888/fd’: Permission denied
find: ‘/proc/885/task/888/ns’: Permission denied
find: ‘/proc/885/fd’: Permission denied
find: ‘/proc/885/map_files’: Permission denied
find: ‘/proc/885/ns’: Permission denied
find: ‘/proc/887/task/887/fd’: Permission denied
find: ‘/proc/887/task/887/ns’: Permission denied
find: ‘/proc/887/fd’: Permission denied
find: ‘/proc/887/map_files’: Permission denied
find: ‘/proc/887/ns’: Permission denied
find: ‘/proc/908/task/908/fd’: Permission denied
find: ‘/proc/908/task/908/ns’: Permission denied
find: ‘/proc/908/fd’: Permission denied
find: ‘/proc/908/map_files’: Permission denied
find: ‘/proc/908/ns’: Permission denied
find: ‘/proc/909/task/909/fd’: Permission denied
find: ‘/proc/909/task/909/ns’: Permission denied
find: ‘/proc/909/fd’: Permission denied
find: ‘/proc/909/map_files’: Permission denied
find: ‘/proc/909/ns’: Permission denied
find: ‘/proc/910/task/910/fd’: Permission denied
find: ‘/proc/910/task/910/ns’: Permission denied
find: ‘/proc/910/task/958/fd’: Permission denied
find: ‘/proc/910/task/958/ns’: Permission denied
find: ‘/proc/910/task/960/fd’: Permission denied
find: ‘/proc/910/task/960/ns’: Permission denied
find: ‘/proc/910/task/961/fd’: Permission denied
find: ‘/proc/910/task/961/ns’: Permission denied
find: ‘/proc/910/task/963/fd’: Permission denied
find: ‘/proc/910/task/963/ns’: Permission denied
find: ‘/proc/910/fd’: Permission denied
find: ‘/proc/910/map_files’: Permission denied
find: ‘/proc/910/ns’: Permission denied
find: ‘/proc/911/task/911/fd’: Permission denied
find: ‘/proc/911/task/911/ns’: Permission denied
find: ‘/proc/911/fd’: Permission denied
find: ‘/proc/911/map_files’: Permission denied
find: ‘/proc/911/ns’: Permission denied
find: ‘/proc/912/task/912/fd’: Permission denied
find: ‘/proc/912/task/912/ns’: Permission denied
find: ‘/proc/912/fd’: Permission denied
find: ‘/proc/912/map_files’: Permission denied
find: ‘/proc/912/ns’: Permission denied
find: ‘/proc/915/task/915/fd’: Permission denied
find: ‘/proc/915/task/915/ns’: Permission denied
find: ‘/proc/915/fd’: Permission denied
find: ‘/proc/915/map_files’: Permission denied
find: ‘/proc/915/ns’: Permission denied
find: ‘/proc/916/task/916/fd’: Permission denied
find: ‘/proc/916/task/916/ns’: Permission denied
find: ‘/proc/916/fd’: Permission denied
find: ‘/proc/916/map_files’: Permission denied
find: ‘/proc/916/ns’: Permission denied
find: ‘/proc/918/task/918/fd’: Permission denied
find: ‘/proc/918/task/918/ns’: Permission denied
find: ‘/proc/918/task/988/fd’: Permission denied
find: ‘/proc/918/task/988/ns’: Permission denied
find: ‘/proc/918/task/989/fd’: Permission denied
find: ‘/proc/918/task/989/ns’: Permission denied
find: ‘/proc/918/task/994/fd’: Permission denied
find: ‘/proc/918/task/994/ns’: Permission denied
find: ‘/proc/918/task/995/fd’: Permission denied
find: ‘/proc/918/task/995/ns’: Permission denied
find: ‘/proc/918/task/1029/fd’: Permission denied
find: ‘/proc/918/task/1029/ns’: Permission denied
find: ‘/proc/918/fd’: Permission denied
find: ‘/proc/918/map_files’: Permission denied
find: ‘/proc/918/ns’: Permission denied
find: ‘/proc/919/task/919/fd’: Permission denied
find: ‘/proc/919/task/919/ns’: Permission denied
find: ‘/proc/919/task/942/fd’: Permission denied
find: ‘/proc/919/task/942/ns’: Permission denied
find: ‘/proc/919/task/943/fd’: Permission denied
find: ‘/proc/919/task/943/ns’: Permission denied
find: ‘/proc/919/fd’: Permission denied
find: ‘/proc/919/map_files’: Permission denied
find: ‘/proc/919/ns’: Permission denied
find: ‘/proc/920/task/920/fd’: Permission denied
find: ‘/proc/920/task/920/ns’: Permission denied
find: ‘/proc/920/task/930/fd’: Permission denied
find: ‘/proc/920/task/930/ns’: Permission denied
find: ‘/proc/920/task/931/fd’: Permission denied
find: ‘/proc/920/task/931/ns’: Permission denied
find: ‘/proc/920/fd’: Permission denied
find: ‘/proc/920/map_files’: Permission denied
find: ‘/proc/920/ns’: Permission denied
find: ‘/proc/921/task/921/fd’: Permission denied
find: ‘/proc/921/task/921/ns’: Permission denied
find: ‘/proc/921/task/936/fd’: Permission denied
find: ‘/proc/921/task/936/ns’: Permission denied
find: ‘/proc/921/task/937/fd’: Permission denied
find: ‘/proc/921/task/937/ns’: Permission denied
find: ‘/proc/921/task/944/fd’: Permission denied
find: ‘/proc/921/task/944/ns’: Permission denied
find: ‘/proc/921/fd’: Permission denied
find: ‘/proc/921/map_files’: Permission denied
find: ‘/proc/921/ns’: Permission denied
find: ‘/proc/922/task/922/fd’: Permission denied
find: ‘/proc/922/task/922/ns’: Permission denied
find: ‘/proc/922/fd’: Permission denied
find: ‘/proc/922/map_files’: Permission denied
find: ‘/proc/922/ns’: Permission denied
find: ‘/proc/923/task/923/fd’: Permission denied
find: ‘/proc/923/task/923/ns’: Permission denied
find: ‘/proc/923/task/949/fd’: Permission denied
find: ‘/proc/923/task/949/ns’: Permission denied
find: ‘/proc/923/task/951/fd’: Permission denied
find: ‘/proc/923/task/951/ns’: Permission denied
find: ‘/proc/923/task/1033/fd’: Permission denied
find: ‘/proc/923/task/1033/ns’: Permission denied
find: ‘/proc/923/task/1074/fd’: Permission denied
find: ‘/proc/923/task/1074/ns’: Permission denied
find: ‘/proc/923/fd’: Permission denied
find: ‘/proc/923/map_files’: Permission denied
find: ‘/proc/923/ns’: Permission denied
find: ‘/proc/924/task/924/fd’: Permission denied
find: ‘/proc/924/task/924/ns’: Permission denied
find: ‘/proc/924/task/938/fd’: Permission denied
find: ‘/proc/924/task/938/ns’: Permission denied
find: ‘/proc/924/task/945/fd’: Permission denied
find: ‘/proc/924/task/945/ns’: Permission denied
find: ‘/proc/924/fd’: Permission denied
find: ‘/proc/924/map_files’: Permission denied
find: ‘/proc/924/ns’: Permission denied
find: ‘/proc/925/task/925/fd’: Permission denied
find: ‘/proc/925/task/925/ns’: Permission denied
find: ‘/proc/925/fd’: Permission denied
find: ‘/proc/925/map_files’: Permission denied
find: ‘/proc/925/ns’: Permission denied
find: ‘/proc/926/task/926/fd’: Permission denied
find: ‘/proc/926/task/926/ns’: Permission denied
find: ‘/proc/926/task/990/fd’: Permission denied
find: ‘/proc/926/task/990/ns’: Permission denied
find: ‘/proc/926/task/991/fd’: Permission denied
find: ‘/proc/926/task/991/ns’: Permission denied
find: ‘/proc/926/task/997/fd’: Permission denied
find: ‘/proc/926/task/997/ns’: Permission denied
find: ‘/proc/926/fd’: Permission denied
find: ‘/proc/926/map_files’: Permission denied
find: ‘/proc/926/ns’: Permission denied
find: ‘/proc/927/task/927/fd’: Permission denied
find: ‘/proc/927/task/927/ns’: Permission denied
find: ‘/proc/927/fd’: Permission denied
find: ‘/proc/927/map_files’: Permission denied
find: ‘/proc/927/ns’: Permission denied
find: ‘/proc/928/task/928/fd’: Permission denied
find: ‘/proc/928/task/928/ns’: Permission denied
find: ‘/proc/928/fd’: Permission denied
find: ‘/proc/928/map_files’: Permission denied
find: ‘/proc/928/ns’: Permission denied
find: ‘/proc/953/task/953/fd’: Permission denied
find: ‘/proc/953/task/953/ns’: Permission denied
find: ‘/proc/953/fd’: Permission denied
find: ‘/proc/953/map_files’: Permission denied
find: ‘/proc/953/ns’: Permission denied
find: ‘/proc/1031/task/1031/fd’: Permission denied
find: ‘/proc/1031/task/1031/ns’: Permission denied
find: ‘/proc/1031/task/1099/fd’: Permission denied
find: ‘/proc/1031/task/1099/ns’: Permission denied
find: ‘/proc/1031/task/1100/fd’: Permission denied
find: ‘/proc/1031/task/1100/ns’: Permission denied
find: ‘/proc/1031/task/1102/fd’: Permission denied
find: ‘/proc/1031/task/1102/ns’: Permission denied
find: ‘/proc/1031/fd’: Permission denied
find: ‘/proc/1031/map_files’: Permission denied
find: ‘/proc/1031/ns’: Permission denied
find: ‘/proc/1032/task/1032/fd’: Permission denied
find: ‘/proc/1032/task/1032/ns’: Permission denied
find: ‘/proc/1032/task/1211/fd’: Permission denied
find: ‘/proc/1032/task/1211/ns’: Permission denied
find: ‘/proc/1032/fd’: Permission denied
find: ‘/proc/1032/map_files’: Permission denied
find: ‘/proc/1032/ns’: Permission denied
find: ‘/proc/1104/task/1104/fd’: Permission denied
find: ‘/proc/1104/task/1104/ns’: Permission denied
find: ‘/proc/1104/task/1118/fd’: Permission denied
find: ‘/proc/1104/task/1118/ns’: Permission denied
find: ‘/proc/1104/task/1119/fd’: Permission denied
find: ‘/proc/1104/task/1119/ns’: Permission denied
find: ‘/proc/1104/fd’: Permission denied
find: ‘/proc/1104/map_files’: Permission denied
find: ‘/proc/1104/ns’: Permission denied
find: ‘/proc/1121/task/1121/fd’: Permission denied
find: ‘/proc/1121/task/1121/ns’: Permission denied
find: ‘/proc/1121/fd’: Permission denied
find: ‘/proc/1121/map_files’: Permission denied
find: ‘/proc/1121/ns’: Permission denied
find: ‘/proc/1124/task/1124/fd’: Permission denied
find: ‘/proc/1124/task/1124/ns’: Permission denied
find: ‘/proc/1124/fd’: Permission denied
find: ‘/proc/1124/map_files’: Permission denied
find: ‘/proc/1124/ns’: Permission denied
find: ‘/proc/1126/task/1126/fd’: Permission denied
find: ‘/proc/1126/task/1126/ns’: Permission denied
find: ‘/proc/1126/fd’: Permission denied
find: ‘/proc/1126/map_files’: Permission denied
find: ‘/proc/1126/ns’: Permission denied
find: ‘/proc/1139/task/1139/fd’: Permission denied
find: ‘/proc/1139/task/1139/ns’: Permission denied
find: ‘/proc/1139/task/1145/fd’: Permission denied
find: ‘/proc/1139/task/1145/ns’: Permission denied
find: ‘/proc/1139/task/1146/fd’: Permission denied
find: ‘/proc/1139/task/1146/ns’: Permission denied
find: ‘/proc/1139/task/1147/fd’: Permission denied
find: ‘/proc/1139/task/1147/ns’: Permission denied
find: ‘/proc/1139/task/1148/fd’: Permission denied
find: ‘/proc/1139/task/1148/ns’: Permission denied
find: ‘/proc/1139/task/1149/fd’: Permission denied
find: ‘/proc/1139/task/1149/ns’: Permission denied
find: ‘/proc/1139/fd’: Permission denied
find: ‘/proc/1139/map_files’: Permission denied
find: ‘/proc/1139/ns’: Permission denied
find: ‘/proc/1345/task/1345/fd’: Permission denied
find: ‘/proc/1345/task/1345/ns’: Permission denied
find: ‘/proc/1345/fd’: Permission denied
find: ‘/proc/1345/map_files’: Permission denied
find: ‘/proc/1345/ns’: Permission denied
find: ‘/proc/1346/task/1346/fd’: Permission denied
find: ‘/proc/1346/task/1346/ns’: Permission denied
find: ‘/proc/1346/fd’: Permission denied
find: ‘/proc/1346/map_files’: Permission denied
find: ‘/proc/1346/ns’: Permission denied
find: ‘/proc/1347/task/1347/fd’: Permission denied
find: ‘/proc/1347/task/1347/ns’: Permission denied
find: ‘/proc/1347/task/1357/fd’: Permission denied
find: ‘/proc/1347/task/1357/ns’: Permission denied
find: ‘/proc/1347/task/1358/fd’: Permission denied
find: ‘/proc/1347/task/1358/ns’: Permission denied
find: ‘/proc/1347/fd’: Permission denied
find: ‘/proc/1347/map_files’: Permission denied
find: ‘/proc/1347/ns’: Permission denied
find: ‘/proc/1348/task/1348/fd’: Permission denied
find: ‘/proc/1348/task/1348/ns’: Permission denied
find: ‘/proc/1348/fd’: Permission denied
find: ‘/proc/1348/map_files’: Permission denied
find: ‘/proc/1348/ns’: Permission denied
find: ‘/proc/1377/task/1377/fd’: Permission denied
find: ‘/proc/1377/task/1377/ns’: Permission denied
find: ‘/proc/1377/fd’: Permission denied
find: ‘/proc/1377/map_files’: Permission denied
find: ‘/proc/1377/ns’: Permission denied
find: ‘/proc/1384/task/1384/fd’: Permission denied
find: ‘/proc/1384/task/1384/ns’: Permission denied
find: ‘/proc/1384/fd’: Permission denied
find: ‘/proc/1384/map_files’: Permission denied
find: ‘/proc/1384/ns’: Permission denied
find: ‘/proc/1406/task/1406/fd’: Permission denied
find: ‘/proc/1406/task/1406/ns’: Permission denied
find: ‘/proc/1406/fd’: Permission denied
find: ‘/proc/1406/map_files’: Permission denied
find: ‘/proc/1406/ns’: Permission denied
find: ‘/proc/1407/task/1407/fd’: Permission denied
find: ‘/proc/1407/task/1407/ns’: Permission denied
find: ‘/proc/1407/fd’: Permission denied
find: ‘/proc/1407/map_files’: Permission denied
find: ‘/proc/1407/ns’: Permission denied
find: ‘/proc/1409/task/1409/fd’: Permission denied
find: ‘/proc/1409/task/1409/ns’: Permission denied
find: ‘/proc/1409/fd’: Permission denied
find: ‘/proc/1409/map_files’: Permission denied
find: ‘/proc/1409/ns’: Permission denied
find: ‘/proc/1410/task/1410/fd’: Permission denied
find: ‘/proc/1410/task/1410/ns’: Permission denied
find: ‘/proc/1410/fd’: Permission denied
find: ‘/proc/1410/map_files’: Permission denied
find: ‘/proc/1410/ns’: Permission denied
find: ‘/proc/1417/task/1417/fd’: Permission denied
find: ‘/proc/1417/task/1417/ns’: Permission denied
find: ‘/proc/1417/fd’: Permission denied
find: ‘/proc/1417/map_files’: Permission denied
find: ‘/proc/1417/ns’: Permission denied
find: ‘/proc/1419/task/1419/fd’: Permission denied
find: ‘/proc/1419/task/1419/ns’: Permission denied
find: ‘/proc/1419/fd’: Permission denied
find: ‘/proc/1419/map_files’: Permission denied
find: ‘/proc/1419/ns’: Permission denied
find: ‘/proc/1455/task/1455/fd’: Permission denied
find: ‘/proc/1455/task/1455/ns’: Permission denied
find: ‘/proc/1455/fd’: Permission denied
find: ‘/proc/1455/map_files’: Permission denied
find: ‘/proc/1455/ns’: Permission denied
find: ‘/proc/1456/task/1456/fd’: Permission denied
find: ‘/proc/1456/task/1456/ns’: Permission denied
find: ‘/proc/1456/fd’: Permission denied
find: ‘/proc/1456/map_files’: Permission denied
find: ‘/proc/1456/ns’: Permission denied
find: ‘/proc/1457/task/1457/fd’: Permission denied
find: ‘/proc/1457/task/1457/ns’: Permission denied
find: ‘/proc/1457/fd’: Permission denied
find: ‘/proc/1457/map_files’: Permission denied
find: ‘/proc/1457/ns’: Permission denied
find: ‘/proc/1461/task/1461/fd’: Permission denied
find: ‘/proc/1461/task/1461/ns’: Permission denied
find: ‘/proc/1461/fd’: Permission denied
find: ‘/proc/1461/map_files’: Permission denied
find: ‘/proc/1461/ns’: Permission denied
find: ‘/proc/1462/task/1462/fd’: Permission denied
find: ‘/proc/1462/task/1462/ns’: Permission denied
find: ‘/proc/1462/fd’: Permission denied
find: ‘/proc/1462/map_files’: Permission denied
find: ‘/proc/1462/ns’: Permission denied
find: ‘/proc/1464/task/1464/fd’: Permission denied
find: ‘/proc/1464/task/1464/ns’: Permission denied
find: ‘/proc/1464/fd’: Permission denied
find: ‘/proc/1464/map_files’: Permission denied
find: ‘/proc/1464/ns’: Permission denied
find: ‘/proc/1466/task/1466/fd’: Permission denied
find: ‘/proc/1466/task/1466/ns’: Permission denied
find: ‘/proc/1466/fd’: Permission denied
find: ‘/proc/1466/map_files’: Permission denied
find: ‘/proc/1466/ns’: Permission denied
find: ‘/proc/1471/task/1471/fd’: Permission denied
find: ‘/proc/1471/task/1471/ns’: Permission denied
find: ‘/proc/1471/fd’: Permission denied
find: ‘/proc/1471/map_files’: Permission denied
find: ‘/proc/1471/ns’: Permission denied
find: ‘/proc/1875/task/1875/fd’: Permission denied
find: ‘/proc/1875/task/1875/ns’: Permission denied
find: ‘/proc/1875/task/1878/fd’: Permission denied
find: ‘/proc/1875/task/1878/ns’: Permission denied
find: ‘/proc/1875/task/1880/fd’: Permission denied
find: ‘/proc/1875/task/1880/ns’: Permission denied
find: ‘/proc/1875/fd’: Permission denied
find: ‘/proc/1875/map_files’: Permission denied
find: ‘/proc/1875/ns’: Permission denied
find: ‘/proc/1892/task/1892/fd’: Permission denied
find: ‘/proc/1892/task/1892/ns’: Permission denied
find: ‘/proc/1892/task/1912/fd’: Permission denied
find: ‘/proc/1892/task/1912/ns’: Permission denied
find: ‘/proc/1892/task/1913/fd’: Permission denied
find: ‘/proc/1892/task/1913/ns’: Permission denied
find: ‘/proc/1892/task/1915/fd’: Permission denied
find: ‘/proc/1892/task/1915/ns’: Permission denied
find: ‘/proc/1892/fd’: Permission denied
find: ‘/proc/1892/map_files’: Permission denied
find: ‘/proc/1892/ns’: Permission denied
find: ‘/proc/1899/task/1899/fd’: Permission denied
find: ‘/proc/1899/task/1899/ns’: Permission denied
find: ‘/proc/1899/task/1907/fd’: Permission denied
find: ‘/proc/1899/task/1907/ns’: Permission denied
find: ‘/proc/1899/task/1908/fd’: Permission denied
find: ‘/proc/1899/task/1908/ns’: Permission denied
find: ‘/proc/1899/fd’: Permission denied
find: ‘/proc/1899/map_files’: Permission denied
find: ‘/proc/1899/ns’: Permission denied
find: ‘/proc/1918/task/1918/fd’: Permission denied
find: ‘/proc/1918/task/1918/ns’: Permission denied
find: ‘/proc/1918/fd’: Permission denied
find: ‘/proc/1918/map_files’: Permission denied
find: ‘/proc/1918/ns’: Permission denied
find: ‘/proc/2132/task/2132/fd’: Permission denied
find: ‘/proc/2132/task/2132/ns’: Permission denied
find: ‘/proc/2132/task/2135/fd’: Permission denied
find: ‘/proc/2132/task/2135/ns’: Permission denied
find: ‘/proc/2132/task/2136/fd’: Permission denied
find: ‘/proc/2132/task/2136/ns’: Permission denied
find: ‘/proc/2132/task/2139/fd’: Permission denied
find: ‘/proc/2132/task/2139/ns’: Permission denied
find: ‘/proc/2132/fd’: Permission denied
find: ‘/proc/2132/map_files’: Permission denied
find: ‘/proc/2132/ns’: Permission denied
find: ‘/proc/2243/task/2243/fd’: Permission denied
find: ‘/proc/2243/task/2243/ns’: Permission denied
find: ‘/proc/2243/task/2244/fd’: Permission denied
find: ‘/proc/2243/task/2244/ns’: Permission denied
find: ‘/proc/2243/task/2246/fd’: Permission denied
find: ‘/proc/2243/task/2246/ns’: Permission denied
find: ‘/proc/2243/fd’: Permission denied
find: ‘/proc/2243/map_files’: Permission denied
find: ‘/proc/2243/ns’: Permission denied
find: ‘/proc/2272/task/2272/fd’: Permission denied
find: ‘/proc/2272/task/2272/ns’: Permission denied
find: ‘/proc/2272/fd’: Permission denied
find: ‘/proc/2272/map_files’: Permission denied
find: ‘/proc/2272/ns’: Permission denied
find: ‘/proc/2303/task/2303/fd’: Permission denied
find: ‘/proc/2303/task/2303/ns’: Permission denied
find: ‘/proc/2303/task/2304/fd’: Permission denied
find: ‘/proc/2303/task/2304/ns’: Permission denied
find: ‘/proc/2303/task/2305/fd’: Permission denied
find: ‘/proc/2303/task/2305/ns’: Permission denied
find: ‘/proc/2303/task/2414/fd’: Permission denied
find: ‘/proc/2303/task/2414/ns’: Permission denied
find: ‘/proc/2303/fd’: Permission denied
find: ‘/proc/2303/map_files’: Permission denied
find: ‘/proc/2303/ns’: Permission denied
find: ‘/proc/2875/task/2875/fd’: Permission denied
find: ‘/proc/2875/task/2875/ns’: Permission denied
find: ‘/proc/2875/task/2939/fd’: Permission denied
find: ‘/proc/2875/task/2939/ns’: Permission denied
find: ‘/proc/2875/fd’: Permission denied
find: ‘/proc/2875/map_files’: Permission denied
find: ‘/proc/2875/ns’: Permission denied
find: ‘/proc/3193/task/3193/fd’: Permission denied
find: ‘/proc/3193/task/3193/ns’: Permission denied
find: ‘/proc/3193/fd’: Permission denied
find: ‘/proc/3193/map_files’: Permission denied
find: ‘/proc/3193/ns’: Permission denied
find: ‘/proc/4771/task/4771/fd’: Permission denied
find: ‘/proc/4771/task/4771/ns’: Permission denied
find: ‘/proc/4771/fd’: Permission denied
find: ‘/proc/4771/map_files’: Permission denied
find: ‘/proc/4771/ns’: Permission denied
find: ‘/proc/4857/task/4857/fd’: Permission denied
find: ‘/proc/4857/task/4857/ns’: Permission denied
find: ‘/proc/4857/fd’: Permission denied
find: ‘/proc/4857/map_files’: Permission denied
find: ‘/proc/4857/ns’: Permission denied
find: ‘/proc/5102/task/5102/fd’: Permission denied
find: ‘/proc/5102/task/5102/ns’: Permission denied
find: ‘/proc/5102/fd’: Permission denied
find: ‘/proc/5102/map_files’: Permission denied
find: ‘/proc/5102/ns’: Permission denied
find: ‘/proc/5224/task/5224/fd’: Permission denied
find: ‘/proc/5224/task/5224/ns’: Permission denied
find: ‘/proc/5224/fd’: Permission denied
find: ‘/proc/5224/map_files’: Permission denied
find: ‘/proc/5224/ns’: Permission denied
find: ‘/proc/5253/task/5253/fd’: Permission denied
find: ‘/proc/5253/task/5253/ns’: Permission denied
find: ‘/proc/5253/fd’: Permission denied
find: ‘/proc/5253/map_files’: Permission denied
find: ‘/proc/5253/ns’: Permission denied
find: ‘/proc/5564/task/5564/fd’: Permission denied
find: ‘/proc/5564/task/5564/ns’: Permission denied
find: ‘/proc/5564/fd’: Permission denied
find: ‘/proc/5564/map_files’: Permission denied
find: ‘/proc/5564/ns’: Permission denied
find: ‘/proc/5659/task/5659/fd’: Permission denied
find: ‘/proc/5659/task/5659/ns’: Permission denied
find: ‘/proc/5659/fd’: Permission denied
find: ‘/proc/5659/map_files’: Permission denied
find: ‘/proc/5659/ns’: Permission denied
find: ‘/proc/5669/task/5669/fd’: Permission denied
find: ‘/proc/5669/task/5669/ns’: Permission denied
find: ‘/proc/5669/fd’: Permission denied
find: ‘/proc/5669/map_files’: Permission denied
find: ‘/proc/5669/ns’: Permission denied
find: ‘/proc/7438/task/7438/fd’: Permission denied
find: ‘/proc/7438/task/7438/ns’: Permission denied
find: ‘/proc/7438/fd’: Permission denied
find: ‘/proc/7438/map_files’: Permission denied
find: ‘/proc/7438/ns’: Permission denied
find: ‘/proc/10378/task/10378/fd’: Permission denied
find: ‘/proc/10378/task/10378/ns’: Permission denied
find: ‘/proc/10378/fd’: Permission denied
find: ‘/proc/10378/map_files’: Permission denied
find: ‘/proc/10378/ns’: Permission denied
find: ‘/proc/10399/task/10399/fd’: Permission denied
find: ‘/proc/10399/task/10399/ns’: Permission denied
find: ‘/proc/10399/fd’: Permission denied
find: ‘/proc/10399/map_files’: Permission denied
find: ‘/proc/10399/ns’: Permission denied
find: ‘/proc/10431/task/10431/fd’: Permission denied
find: ‘/proc/10431/task/10431/ns’: Permission denied
find: ‘/proc/10431/fd’: Permission denied
find: ‘/proc/10431/map_files’: Permission denied
find: ‘/proc/10431/ns’: Permission denied
find: ‘/proc/10493/task/10493/fd’: Permission denied
find: ‘/proc/10493/task/10493/ns’: Permission denied
find: ‘/proc/10493/fd’: Permission denied
find: ‘/proc/10493/map_files’: Permission denied
find: ‘/proc/10493/ns’: Permission denied
find: ‘/proc/10560/task/10560/fd’: Permission denied
find: ‘/proc/10560/task/10560/ns’: Permission denied
find: ‘/proc/10560/fd’: Permission denied
find: ‘/proc/10560/map_files’: Permission denied
find: ‘/proc/10560/ns’: Permission denied
find: ‘/proc/10593/task/10593/fd’: Permission denied
find: ‘/proc/10593/task/10593/ns’: Permission denied
find: ‘/proc/10593/fd’: Permission denied
find: ‘/proc/10593/map_files’: Permission denied
find: ‘/proc/10593/ns’: Permission denied
find: ‘/run/gdm’: Permission denied
find: ‘/run/udisks2’: Permission denied
find: ‘/run/libpod/events’: Permission denied
find: ‘/run/containers’: Permission denied
find: ‘/run/chrony’: Permission denied
find: ‘/run/sudo’: Permission denied
find: ‘/run/setroubleshoot’: Permission denied
find: ‘/run/rpcbind’: Permission denied
find: ‘/run/podman’: Permission denied
find: ‘/run/mdadm’: Permission denied
find: ‘/run/ipa’: Permission denied
find: ‘/run/httpd’: Permission denied
find: ‘/run/cups/certs’: Permission denied
find: ‘/run/cryptsetup’: Permission denied
find: ‘/run/lvm’: Permission denied
find: ‘/run/user/1000/systemd/inaccessible/dir’: Permission denied
find: ‘/run/lock/iscsi’: Permission denied
find: ‘/run/lock/lvm’: Permission denied
find: ‘/run/initramfs/log/private’: Permission denied
find: ‘/run/systemd/propagate’: Permission denied
find: ‘/run/systemd/unit-root’: Permission denied
find: ‘/run/systemd/inaccessible/dir’: Permission denied
find: ‘/sys/kernel/tracing’: Permission denied
find: ‘/sys/kernel/debug’: Permission denied
find: ‘/sys/fs/bpf’: Permission denied
find: ‘/sys/fs/fuse/connections/34’: Permission denied
find: ‘/tmp/vmware-root_872-2697532841’: Permission denied
find: ‘/tmp/Temp-36c8df21-3cdc-4b20-b07f-c07330f89851’: Permission denied
find: ‘/tmp/vmware-root_852-2689078282’: Permission denied
find: ‘/tmp/tmp06my1wro’: Permission denied
find: ‘/tmp/systemd-private-1fd8642d9d354df1afae61c8d556e8e8-systemd-logind.service-NPJffn’: Permission denied
find: ‘/tmp/systemd-private-1fd8642d9d354df1afae61c8d556e8e8-colord.service-B1pmc4’: Permission denied
find: ‘/tmp/vmware-root_847-4013198920’: Permission denied
find: ‘/tmp/vmware-root_877-4022177778’: Permission denied
find: ‘/tmp/tmpb8wn1vjf’: Permission denied
find: ‘/tmp/vmware-root_888-2730562489’: Permission denied
find: ‘/tmp/systemd-private-1fd8642d9d354df1afae61c8d556e8e8-chronyd.service-8Uwox7’: Permission denied
find: ‘/tmp/systemd-private-1fd8642d9d354df1afae61c8d556e8e8-power-profiles-daemon.service-BROkHs’: Permission denied
find: ‘/tmp/vmware-root_846-2697139606’: Permission denied
find: ‘/tmp/tmp3j03f15q’: Permission denied
find: ‘/tmp/vmware-root_921-3980298495’: Permission denied
find: ‘/tmp/vmware-root_856-2731086721’: Permission denied
find: ‘/tmp/Temp-de36573a-6643-4c54-99a6-46c3204b0774’: Permission denied
find: ‘/tmp/vmware-root_879-4013723248’: Permission denied
find: ‘/tmp/vmware-root_931-3988621659’: Permission denied
find: ‘/tmp/systemd-private-1fd8642d9d354df1afae61c8d556e8e8-rtkit-daemon.service-aiEbgQ’: Permission denied
find: ‘/tmp/systemd-private-1fd8642d9d354df1afae61c8d556e8e8-geoclue.service-WORv1h’: Permission denied
find: ‘/tmp/vmware-root_873-4013854327’: Permission denied
find: ‘/tmp/systemd-private-1fd8642d9d354df1afae61c8d556e8e8-dbus-broker.service-NVv1Us’: Permission denied
find: ‘/tmp/systemd-private-1fd8642d9d354df1afae61c8d556e8e8-upower.service-lVcD2a’: Permission denied
find: ‘/tmp/vmware-root_922-2722632355’: Permission denied
find: ‘/tmp/vmware-root_926-2731217702’: Permission denied
find: ‘/tmp/systemd-private-1fd8642d9d354df1afae61c8d556e8e8-ModemManager.service-6wZsJc’: Permission denied
find: ‘/tmp/tmpg7wtdu5q’: Permission denied
find: ‘/etc/pki/rsyslog’: Permission denied
find: ‘/etc/pki/CA/private’: Permission denied
find: ‘/etc/nftables’: Permission denied
find: ‘/etc/sssd’: Permission denied
find: ‘/etc/cups/ssl’: Permission denied
find: ‘/etc/grub.d’: Permission denied
find: ‘/etc/sos/cleaner’: Permission denied
find: ‘/etc/polkit-1/rules.d’: Permission denied
find: ‘/etc/polkit-1/localauthority’: Permission denied
find: ‘/etc/ssh/sshd_config.d’: Permission denied
find: ‘/etc/lvm/archive’: Permission denied
find: ‘/etc/lvm/backup’: Permission denied
find: ‘/etc/lvm/cache’: Permission denied
find: ‘/etc/lvm/devices’: Permission denied
find: ‘/etc/ipa/custodia’: Permission denied
find: ‘/root/.cache’: Permission denied
find: ‘/root/.ssh’: Permission denied
find: ‘/root/.gnupg’: Permission denied
find: ‘/root/.config’: Permission denied
find: ‘/root/.local’: Permission denied
find: ‘/root/.mozilla’: Permission denied
find: ‘/var/lib/selinux/targeted’: Permission denied
find: ‘/var/lib/selinux/final’: Permission denied
find: ‘/var/lib/private’: Permission denied
find: ‘/var/lib/polkit-1’: Permission denied
find: ‘/var/lib/NetworkManager’: Permission denied
find: ‘/var/lib/samba/private’: Permission denied
find: ‘/var/lib/rsyslog’: Permission denied
find: ‘/var/lib/AccountsService/users’: Permission denied
find: ‘/var/lib/authselect/backups/2024-05-30-11-28-19.4qD3mV’: Permission denied
find: ‘/var/lib/sss/db’: Permission denied
find: ‘/var/lib/sss/secrets’: Permission denied
find: ‘/var/lib/sss/keytabs’: Permission denied
find: ‘/var/lib/fprint’: Permission denied
find: ‘/var/lib/udisks2’: Permission denied
find: ‘/var/lib/fwupd/gnupg’: Permission denied
find: ‘/var/lib/setroubleshoot’: Permission denied
find: ‘/var/lib/containers/storage’: Permission denied
find: ‘/var/lib/containers/cache’: Permission denied
find: ‘/var/lib/gdm’: Permission denied
find: ‘/var/lib/chrony’: Permission denied
find: ‘/var/lib/mlocate’: Permission denied
find: ‘/var/lib/cni/results’: Permission denied
find: ‘/var/lib/gssproxy/clients’: Permission denied
find: ‘/var/lib/gssproxy/rcache’: Permission denied
find: ‘/var/lib/nfs/statd’: Permission denied
find: ‘/var/lib/nfs/nfsdcld’: Permission denied
find: ‘/var/lib/certmonger/cas’: Permission denied
find: ‘/var/lib/certmonger/local’: Permission denied
find: ‘/var/lib/certmonger/requests’: Permission denied
find: ‘/var/lib/softhsm’: Permission denied
find: ‘/var/lib/httpd’: Permission denied
find: ‘/var/lib/ipa/backup’: Permission denied
find: ‘/var/lib/ipa/gssproxy’: Permission denied
find: ‘/var/lib/ipa/passwds’: Permission denied
find: ‘/var/lib/ipa/private’: Permission denied
find: ‘/var/lib/ipa/sysrestore’: Permission denied
find: ‘/var/lib/ipa/sysupgrade’: Permission denied
find: ‘/var/log/private’: Permission denied
find: ‘/var/log/samba’: Permission denied
find: ‘/var/log/audit’: Permission denied
find: ‘/var/log/sssd’: Permission denied
find: ‘/var/log/speech-dispatcher’: Permission denied
find: ‘/var/log/gdm’: Permission denied
find: ‘/var/log/chrony’: Permission denied
find: ‘/var/log/insights-client’: Permission denied
find: ‘/var/log/httpd’: Permission denied
find: ‘/var/cache/ldconfig’: Permission denied
find: ‘/var/cache/private’: Permission denied
find: ‘/var/cache/cups’: Permission denied
find: ‘/var/cache/PackageKit/9.0/metadata/rhel-9-for-x86_64-rt-beta-rpms-9-x86_64/gpgdir/private-keys-v1.d’: Permission denied
find: ‘/var/cache/PackageKit/9.0/metadata/rhel-9-for-x86_64-baseos-beta-source-rpms-9-x86_64/gpgdir/private-keys-v1.d’: Permission denied
find: ‘/var/cache/PackageKit/9.0/metadata/codeready-builder-beta-for-rhel-9-x86_64-source-rpms-9-x86_64/gpgdir/private-keys-v1.d’: Permission denied
find: ‘/var/cache/PackageKit/9.0/metadata/rhel-9-for-x86_64-baseos-beta-rpms-9-x86_64/gpgdir/private-keys-v1.d’: Permission denied
find: ‘/var/cache/PackageKit/9.0/metadata/rhel-9-for-x86_64-appstream-beta-rpms-9-x86_64/gpgdir/private-keys-v1.d’: Permission denied
find: ‘/var/cache/insights-client’: Permission denied
find: ‘/var/cache/containers’: Permission denied
find: ‘/var/cache/httpd’: Permission denied
find: ‘/var/cache/tomcat’: Permission denied
find: ‘/var/db/sudo’: Permission denied
find: ‘/var/spool/cups’: Permission denied
find: ‘/var/spool/at’: Permission denied
find: ‘/var/tmp/storage660530234’: Permission denied
find: ‘/var/tmp/storage250099983’: Permission denied
find: ‘/var/tmp/systemd-private-1fd8642d9d354df1afae61c8d556e8e8-dbus-broker.service-3Q5X4M’: Permission denied
find: ‘/var/tmp/systemd-private-1fd8642d9d354df1afae61c8d556e8e8-chronyd.service-zrEk5H’: Permission denied
find: ‘/var/tmp/systemd-private-1fd8642d9d354df1afae61c8d556e8e8-rtkit-daemon.service-H4PWGr’: Permission denied
find: ‘/var/tmp/systemd-private-1fd8642d9d354df1afae61c8d556e8e8-systemd-logind.service-1irSXu’: Permission denied
find: ‘/var/tmp/systemd-private-1fd8642d9d354df1afae61c8d556e8e8-upower.service-pUmljq’: Permission denied
find: ‘/var/tmp/systemd-private-1fd8642d9d354df1afae61c8d556e8e8-ModemManager.service-AjSN2E’: Permission denied
find: ‘/var/tmp/systemd-private-1fd8642d9d354df1afae61c8d556e8e8-power-profiles-daemon.service-2G7K9W’: Permission denied
find: ‘/var/tmp/systemd-private-1fd8642d9d354df1afae61c8d556e8e8-geoclue.service-eJnvZR’: Permission denied
find: ‘/var/tmp/storage343485717’: Permission denied
find: ‘/var/tmp/storage076976291’: Permission denied
find: ‘/var/tmp/systemd-private-1fd8642d9d354df1afae61c8d556e8e8-colord.service-cfexOG’: Permission denied
find: ‘/usr/share/polkit-1/rules.d’: Permission denied
find: ‘/usr/share/empty.sshd’: Permission denied
find: ‘/home/ahmed’: Permission denied
find: ‘/home/ali’: Permission denied
find: ‘/home/omer’: Permission denied
